[debug] [2018-10-19T06:32:52.274Z] ----------------------------------------------------------------------
[debug] [2018-10-19T06:32:52.276Z] Command:       C:\Program Files\nodejs\node.exe C:\Users\rewor\AppData\Roaming\npm\node_modules\firebase-tools\bin\firebase serve
[debug] [2018-10-19T06:32:52.276Z] CLI Version:   4.2.1
[debug] [2018-10-19T06:32:52.276Z] Platform:      win32
[debug] [2018-10-19T06:32:52.277Z] Node Version:  v10.10.0
[debug] [2018-10-19T06:32:52.279Z] Time:          Fri Oct 19 2018 15:32:52 GMT+0900 (GMT+09:00)
[debug] [2018-10-19T06:32:52.279Z] ----------------------------------------------------------------------
[debug] 
[debug] [2018-10-19T06:32:52.298Z] > command requires scopes: ["email","openid","https://www.googleapis.com/auth/cloudplatformprojects.readonly","https://www.googleapis.com/auth/firebase","https://www.googleapis.com/auth/cloud-platform"]
[debug] [2018-10-19T06:32:52.299Z] > authorizing via signed-in user
[debug] [2018-10-19T06:32:52.302Z] > refreshing access token with scopes: ["email","https://www.googleapis.com/auth/cloud-platform","https://www.googleapis.com/auth/cloudplatformprojects.readonly","https://www.googleapis.com/auth/firebase","openid"]
[debug] [2018-10-19T06:32:52.302Z] >>> HTTP REQUEST POST https://www.googleapis.com/oauth2/v3/token  

[debug] [2018-10-19T06:32:52.998Z] <<< HTTP RESPONSE 200
[debug] [2018-10-19T06:32:53.010Z] >>> HTTP REQUEST GET https://admin.firebase.com/v1/projects/pi-iot-1b450  
 
[debug] [2018-10-19T06:32:54.156Z] <<< HTTP RESPONSE 200
[debug] [2018-10-19T06:32:54.158Z] >>> HTTP REQUEST GET https://cloudresourcemanager.googleapis.com/v1/projects/pi-iot-1b450  
 
[debug] [2018-10-19T06:32:55.396Z] <<< HTTP RESPONSE 200
[info] 
[info] === Serving from 'C:\Users\rewor\Desktop\project\cycleProject'...
[info] 
[info] i  functions: Preparing to emulate functions.
[debug] [2018-10-19T06:32:57.184Z] Fetching environment
[debug] [2018-10-19T06:32:57.188Z] >>> HTTP REQUEST GET https://mobilesdk-pa.googleapis.com/v1/projects/1144253737:getServerAppConfig  
 
[debug] [2018-10-19T06:32:57.188Z] >>> HTTP REQUEST GET https://mobilesdk-pa.googleapis.com/v1/projects/1144253737/clients/_:getWebAppConfig  
 
[debug] [2018-10-19T06:32:58.115Z] <<< HTTP RESPONSE 200
[debug] [2018-10-19T06:32:58.115Z] Starting @google-cloud/functions-emulator
[debug] [2018-10-19T06:32:58.533Z] <<< HTTP RESPONSE 200
[info] i  hosting[pi-iot-1b450]: Serving hosting files from: public
[info] +  hosting[pi-iot-1b450]: Local server: http://localhost:5000
[debug] [2018-10-19T06:33:01.695Z] Parsing function triggers
[info] i  functions: No HTTPS functions found. Use firebase functions:shell if you would like to emulate other types of functions.
